cwd: D:\Home\Scripts\pipeline_carstable_to_webapp
command: C:\Users\hzwlc\AppData\Local\Python\pythoncore-3.14-64\python.exe tools/build_user_size_templates.py --case-name 0706 --compress-root D:\Home\Scripts\pipeline_carstable_to_webapp\data\middle\0706\01_compress --output-dir D:\Home\Scripts\pipeline_carstable_to_webapp\data\middle\0706\02_user_size_workbooks --template D:\Home\Scripts\pipeline_carstable_to_webapp\data\template\尺码适配表.xlsx --non-pickup-table-name 非皮卡高度压缩表 --pickup-table-name 皮卡高度压缩表

Traceback (most recent call last):
  File "D:\Home\Scripts\pipeline_carstable_to_webapp\tools\build_user_size_templates.py", line 212, in <module>
    main()
    ~~~~^^
  File "D:\Home\Scripts\pipeline_carstable_to_webapp\tools\build_user_size_templates.py", line 197, in main
    output_path = build_store_workbook(
        case_name=args.case_name,
    ...<6 lines>...
        overwrite=args.overwrite,
    )
  File "D:\Home\Scripts\pipeline_carstable_to_webapp\tools\build_user_size_templates.py", line 143, in build_store_workbook
    workbook = load_workbook(template_path, data_only=False)
  File "C:\Users\hzwlc\AppData\Local\Python\pythoncore-3.14-64\Lib\site-packages\openpyxl\reader\excel.py", line 346, in load_workbook
    reader = ExcelReader(filename, read_only, keep_vba,
                         data_only, keep_links, rich_text)
  File "C:\Users\hzwlc\AppData\Local\Python\pythoncore-3.14-64\Lib\site-packages\openpyxl\reader\excel.py", line 123, in __init__
    self.archive = _validate_archive(fn)
                   ~~~~~~~~~~~~~~~~~^^^^
  File "C:\Users\hzwlc\AppData\Local\Python\pythoncore-3.14-64\Lib\site-packages\openpyxl\reader\excel.py", line 95, in _validate_archive
    archive = ZipFile(filename, 'r')
  File "C:\Users\hzwlc\AppData\Local\Python\pythoncore-3.14-64\Lib\zipfile\__init__.py", line 1454, in __init__
    self.fp = io.open(file, filemode)
              ~~~~~~~^^^^^^^^^^^^^^^^
FileNotFoundError: [Errno 2] No such file or directory: 'D:\\Home\\Scripts\\pipeline_carstable_to_webapp\\data\\template\\尺码适配表.xlsx'
