cwd: D:\Home\Scripts\pipeline_carstable_to_webapp
command: C:\Users\hzwlc\AppData\Local\Python\pythoncore-3.14-64\python.exe tools/generate_all_html.py --export-root D:\Home\Scripts\pipeline_carstable_to_webapp\data\middle\0706\03_user_size_exports --output-root D:\Home\Scripts\pipeline_carstable_to_webapp\data\middle\0706\04_html --config-path D:\Home\Scripts\pipeline_carstable_to_webapp/configs/html-user-size-preference.yaml --html-script D:\Home\Scripts\pipeline_carstable_to_webapp/../generate_size_chart_html/tsv_to_size_chart_html.py

Traceback (most recent call last):
  File "D:\Home\Scripts\pipeline_carstable_to_webapp\..\generate_size_chart_html\tsv_to_size_chart_html.py", line 2219, in <module>
    main()
    ~~~~^^
  File "D:\Home\Scripts\pipeline_carstable_to_webapp\..\generate_size_chart_html\tsv_to_size_chart_html.py", line 2187, in main
    input_specs = [(resolve_input_path(path), profile) for path, profile in combined_input_specs(args)]
                                                                            ~~~~~~~~~~~~~~~~~~~~^^^^^^
  File "D:\Home\Scripts\pipeline_carstable_to_webapp\..\generate_size_chart_html\tsv_to_size_chart_html.py", line 1883, in combined_input_specs
    raise ValueError(
    ...<3 lines>...
    )
ValueError: Missing input(s) for order item(s): pickup. Pass --non-pickup-input and/or --pickup-input.
[ALL/nonpick] C:\Users\hzwlc\AppData\Local\Python\pythoncore-3.14-64\python.exe D:\Home\Scripts\pipeline_carstable_to_webapp\..\generate_size_chart_html\tsv_to_size_chart_html.py --non-pickup-input D:\Home\Scripts\pipeline_carstable_to_webapp\data\middle\0706\03_user_size_exports\ALL\non_pickup.tsv --config-path D:\Home\Scripts\pipeline_carstable_to_webapp\configs\html-user-size-preference.yaml --output D:\Home\Scripts\pipeline_carstable_to_webapp\data\middle\0706\04_html\ALL\nonpick\output.html
Traceback (most recent call last):
  File "D:\Home\Scripts\pipeline_carstable_to_webapp\tools\generate_all_html.py", line 57, in <module>
    main()
    ~~~~^^
  File "D:\Home\Scripts\pipeline_carstable_to_webapp\tools\generate_all_html.py", line 40, in main
    subprocess.run(non_pickup_command, check=True)
    ~~~~~~~~~~~~~~^^^^^^^^^^^^^^^^^^^^^^^^^^^^^^^^
  File "C:\Users\hzwlc\AppData\Local\Python\pythoncore-3.14-64\Lib\subprocess.py", line 578, in run
    raise CalledProcessError(retcode, process.args,
                             output=stdout, stderr=stderr)
subprocess.CalledProcessError: Command '['C:\\Users\\hzwlc\\AppData\\Local\\Python\\pythoncore-3.14-64\\python.exe', 'D:\\Home\\Scripts\\pipeline_carstable_to_webapp\\..\\generate_size_chart_html\\tsv_to_size_chart_html.py', '--non-pickup-input', 'D:\\Home\\Scripts\\pipeline_carstable_to_webapp\\data\\middle\\0706\\03_user_size_exports\\ALL\\non_pickup.tsv', '--config-path', 'D:\\Home\\Scripts\\pipeline_carstable_to_webapp\\configs\\html-user-size-preference.yaml', '--output', 'D:\\Home\\Scripts\\pipeline_carstable_to_webapp\\data\\middle\\0706\\04_html\\ALL\\nonpick\\output.html']' returned non-zero exit status 1.
