读取工作表: ALL尺码匹配 (4422 rows)
读取工作表: TM尺码匹配 (4422 rows)
读取工作表: HNT尺码匹配 (4422 rows)

处理工作表 1/3: ALL尺码匹配
Traceback (most recent call last):
  File "D:\Home\Scripts\compress_to_size_chart\process_tsv.py", line 3024, in <module>
    main()
    ~~~~^^
  File "D:\Home\Scripts\compress_to_size_chart\process_tsv.py", line 2984, in main
    ) = transform_all_outputs(
        ~~~~~~~~~~~~~~~~~~~~~^
        df,
        ^^^
    ...<2 lines>...
        field_profile=field_profile,
        ^^^^^^^^^^^^^^^^^^^^^^^^^^^^
    )
    ^
  File "D:\Home\Scripts\compress_to_size_chart\process_tsv.py", line 2709, in transform_all_outputs
    non_pickup_lossless, non_pickup_high, non_pickup_higher, pickup_lossless, pickup_specificity = transform_all(
                                                                                                   ~~~~~~~~~~~~~^
        df,
        ^^^
    ...<2 lines>...
        field_profile=field_profile,
        ^^^^^^^^^^^^^^^^^^^^^^^^^^^^
    )
    ^
  File "D:\Home\Scripts\compress_to_size_chart\process_tsv.py", line 2646, in transform_all
    non_pickup_lossless, non_pickup_high, non_pickup_higher = transform_non_pickup(
                                                              ~~~~~~~~~~~~~~~~~~~~^
        df,
        ^^^
    ...<2 lines>...
        field_profile=field_profile,
        ^^^^^^^^^^^^^^^^^^^^^^^^^^^^
    )
    ^
  File "D:\Home\Scripts\compress_to_size_chart\process_tsv.py", line 2002, in transform_non_pickup
    higher_internal, merge_stats, compression_log = build_non_pickup_high_new(lossless_internal, renamed, progress=progress)
                                                    ~~~~~~~~~~~~~~~~~~~~~~~~~^^^^^^^^^^^^^^^^^^^^^^^^^^^^^^^^^^^^^^^^^^^^^^^
  File "D:\Home\Scripts\compress_to_size_chart\process_tsv.py", line 1242, in build_non_pickup_high_new
    (atoms_work["BRAND"].map(normalize_text) == key[0])
     ~~~~~~~~~~~~~~~~~~~~~~~^^^^^^^^^^^^^^^^
  File "C:\Users\hzwlc\AppData\Local\Python\pythoncore-3.14-64\Lib\site-packages\pandas\core\series.py", line 4675, in map
    new_values = self._map_values(func, na_action=na_action)
  File "C:\Users\hzwlc\AppData\Local\Python\pythoncore-3.14-64\Lib\site-packages\pandas\core\base.py", line 1020, in _map_values
    return arr.map(mapper, na_action=na_action)
           ~~~~~~~^^^^^^^^^^^^^^^^^^^^^^^^^^^^^
  File "C:\Users\hzwlc\AppData\Local\Python\pythoncore-3.14-64\Lib\site-packages\pandas\core\arrays\base.py", line 2745, in map
    return map_array(self, mapper, na_action=na_action)
  File "C:\Users\hzwlc\AppData\Local\Python\pythoncore-3.14-64\Lib\site-packages\pandas\core\algorithms.py", line 1715, in map_array
    return lib.map_infer(values, mapper)
           ~~~~~~~~~~~~~^^^^^^^^^^^^^^^^
  File "pandas/_libs/lib.pyx", line 3071, in pandas._libs.lib.map_infer
  File "D:\Home\Scripts\compress_to_size_chart\process_tsv.py", line 270, in normalize_text
    text = "".join(ch for ch in text if unicodedata.category(ch)[0] != "C")
  File "D:\Home\Scripts\compress_to_size_chart\process_tsv.py", line 270, in <genexpr>
    text = "".join(ch for ch in text if unicodedata.category(ch)[0] != "C")
                   ^^
KeyboardInterrupt
cwd: D:\Home\Scripts\compress_to_size_chart
command: C:\Users\hzwlc\AppData\Local\Python\pythoncore-3.14-64\python.exe process_tsv.py D:\Home\Scripts\pipeline_carstable_to_webapp\data\input\0706.xlsx --output-dir D:\Home\Scripts\pipeline_carstable_to_webapp\data\middle\0706\01_compress --field-profile D:\Home\Scripts\pipeline_carstable_to_webapp/compress_field_profile.yaml --check-atom --no-progress

