Size chart generation log
Generated at: 2026-07-16T13:06:02
Config: D:\Home\Scripts\pipeline_carstable_to_webapp\configs\html-user-size-preference.yaml
Output directory: D:\Home\Scripts\pipeline_carstable_to_webapp\work\incremental\0706_20260716_130519\data\middle\04_html\ALL\nonpick
CSS: D:\Home\Scripts\pipeline_carstable_to_webapp\work\incremental\0706_20260716_130519\data\middle\04_html\ALL\nonpick\size-chart.css
Pages: 5
Table chunks: 66
Unique titles: 48
Page table chunks: 11, 15, 14, 16, 10

Inputs:
- D:\Home\Scripts\pipeline_carstable_to_webapp\work\incremental\0706_20260716_130519\data\middle\03_user_size_exports\ALL\non_pickup.tsv
  Sheet: 非皮卡压缩表
  Profile: non-pickup
  Rows after filtering: 1132
  Titles: 49
  Brand column: MAKE
  Stripe column: MODEL
  Table columns: MODEL, YEAR, TYPE, SIZE
  Store column: 店铺
  Store value: (all)

Logo settings:
Enabled: True
Directory: D:\Home\Scripts\generate_size_chart_html\img_logos
Logo files indexed: 49
Matched titles: 48
Missing titles: 0

Logo matches:
- MATCH: Acura -> img_logos/Acura.png
- MATCH: Alfa Romeo -> img_logos/Alfa%20Romeo.png
- MATCH: Audi -> img_logos/Audi.png
- MATCH: BMW -> img_logos/BMW.png
- MATCH: Buick -> img_logos/Buick.png
- MATCH: Cadillac -> img_logos/Cadillac.png
- MATCH: Chevrolet -> img_logos/Chevrolet.png
- MATCH: Chrysler -> img_logos/CHRYSLER.png
- MATCH: Dodge -> img_logos/Dodge.png
- MATCH: FIAT -> img_logos/FIAT.png
- MATCH: Ford -> img_logos/Ford.png
- MATCH: GMC -> img_logos/GMC.png
- MATCH: Genesis -> img_logos/Genesis.png
- MATCH: Honda -> img_logos/Honda.png
- MATCH: Hyundai -> img_logos/Hyundai.png
- MATCH: Ineos Automotive -> img_logos/Ineos.png
- MATCH: Infiniti -> img_logos/Infiniti.png
- MATCH: Jaguar -> img_logos/Jaguar.png
- MATCH: Jeep -> img_logos/Jeep.png
- MATCH: Karma Automotive -> img_logos/Karma.png
- MATCH: Kia -> img_logos/Kia.png
- MATCH: Land Rover -> img_logos/Land%20Rover.png
- MATCH: Lexus -> img_logos/Lexus.png
- MATCH: Lincoln -> img_logos/Lincoln.png
- MATCH: Lucid Motors -> img_logos/Lucid%20Motors.png
- MATCH: MINI -> img_logos/Mini.png
- MATCH: Maserati -> img_logos/Maserati.png
- MATCH: Mazda -> img_logos/Mazda.png
- MATCH: Mercedes-Benz -> img_logos/Mercedes-Benz.png
- MATCH: Mercury -> img_logos/MERCURY.png
- MATCH: Mitsubishi -> img_logos/Mitsubishi.png
- MATCH: Nissan -> img_logos/Nissan.png
- MATCH: Oldsmobile -> img_logos/Oldsmobile.png
- MATCH: Plymouth -> img_logos/Plymouth.png
- MATCH: Polestar -> img_logos/Polestar.png
- MATCH: Pontiac -> img_logos/PONTIAC.png
- MATCH: Porsche -> img_logos/Porsche.png
- MATCH: Rivian -> img_logos/RIVIAN.png
- MATCH: Saab -> img_logos/SAAB.png
- MATCH: Saturn -> img_logos/SATURN.png
- MATCH: Scion -> img_logos/Scion.png
- MATCH: Subaru -> img_logos/Subaru.png
- MATCH: Suzuki -> img_logos/Suzuki.png
- MATCH: Tesla -> img_logos/Tesla.png
- MATCH: Toyota -> img_logos/Toyota.png
- MATCH: VinFast -> img_logos/VinFast.png
- MATCH: Volkswagen -> img_logos/Volkswagen.png
- MATCH: Volvo -> img_logos/Volvo.png
